2024-12-17T20:10:44.530Z [info]: Test info message
2024-12-17T20:10:44.542Z [error]: Test error message
2024-12-17T20:10:44.543Z [warn]: Test warning message
2024-12-17T20:15:32.313Z [info]: Server is running on port 3000
2024-12-17T21:16:44.268Z [info]: GET /api/notes
2024-12-17T21:16:44.312Z [info]: GET /favicon.ico
2024-12-17T22:30:06.618Z [info]: Server is running on port 3000
2024-12-17T22:40:41.445Z [info]: GET /api/notes
2024-12-17T22:44:09.311Z [info]: GET /api/notes
2024-12-17T22:44:57.588Z [info]: Server is running on port 3000
2024-12-17T22:47:20.499Z [info]: GET /notes
2024-12-17T22:47:23.149Z [info]: GET /notes
2024-12-17T22:49:10.482Z [info]: GET /
2024-12-17T22:49:41.036Z [info]: GET /
2024-12-17T22:50:04.448Z [info]: GET /api/notes
2024-12-17T22:50:33.432Z [info]: GET /api/notes
2024-12-17T22:50:55.239Z [info]: GET /notes/:id
2024-12-17T22:56:05.160Z [info]: POST /notes
2024-12-17T23:32:48.655Z [info]: POST /notes
2024-12-17T23:33:04.527Z [info]: GET /notes
2024-12-17T23:55:51.769Z [info]: Server is running on port 3000
2024-12-18T00:06:22.880Z [info]: Server is running on port 3000
2024-12-18T00:08:38.744Z [info]: Server is running on port 3000
2024-12-18T00:20:20.419Z [info]: Server is running on port 3000
2024-12-18T00:24:15.635Z [info]: PUT /notes/%3Cstring%3E
2024-12-18T00:41:30.597Z [info]: GET /admin
2024-12-18T00:46:42.243Z [info]: GET /notes
2024-12-18T00:50:22.025Z [info]: DELETE /notes/4
2024-12-18T01:37:17.325Z [info]: Server is running on port 3000
2024-12-18T01:48:37.642Z [info]: Server is running on port 3000
2024-12-18T02:04:53.117Z [info]: PUT /notes/%3Cinteger%3E
2024-12-18T02:05:05.834Z [info]: PUT /notes/4
