2024-12-17T20:10:44.530Z [info]: Test info message
2024-12-17T20:10:44.542Z [error]: Test error message
2024-12-17T20:10:44.543Z [warn]: Test warning message
2024-12-17T20:15:32.313Z [info]: Server is running on port 3000
2024-12-17T21:16:44.268Z [info]: GET /api/notes
2024-12-17T21:16:44.312Z [info]: GET /favicon.ico
2024-12-17T22:30:06.618Z [info]: Server is running on port 3000
2024-12-17T22:40:41.445Z [info]: GET /api/notes
2024-12-17T22:44:09.311Z [info]: GET /api/notes
2024-12-17T22:44:57.588Z [info]: Server is running on port 3000
2024-12-17T22:47:20.499Z [info]: GET /notes
2024-12-17T22:47:23.149Z [info]: GET /notes
2024-12-17T22:49:10.482Z [info]: GET /
2024-12-17T22:49:41.036Z [info]: GET /
2024-12-17T22:50:04.448Z [info]: GET /api/notes
2024-12-17T22:50:33.432Z [info]: GET /api/notes
2024-12-17T22:50:55.239Z [info]: GET /notes/:id
2024-12-17T22:56:05.160Z [info]: POST /notes
2024-12-17T23:32:48.655Z [info]: POST /notes
2024-12-17T23:33:04.527Z [info]: GET /notes
2024-12-17T23:55:51.769Z [info]: Server is running on port 3000
2024-12-18T00:06:22.880Z [info]: Server is running on port 3000
2024-12-18T00:08:38.744Z [info]: Server is running on port 3000
2024-12-18T00:20:20.419Z [info]: Server is running on port 3000
2024-12-18T00:24:15.635Z [info]: PUT /notes/%3Cstring%3E
2024-12-18T00:41:30.597Z [info]: GET /admin
2024-12-18T00:46:42.243Z [info]: GET /notes
2024-12-18T00:50:22.025Z [info]: DELETE /notes/4
2024-12-18T01:37:17.325Z [info]: Server is running on port 3000
2024-12-18T01:48:37.642Z [info]: Server is running on port 3000
2024-12-18T02:04:53.117Z [info]: PUT /notes/%3Cinteger%3E
2024-12-18T02:05:05.834Z [info]: PUT /notes/4
2024-12-18T03:51:29.432Z [info]: Server is running on port 3000
2024-12-18T03:53:13.452Z [info]: POST /notes
2024-12-18T04:15:43.610Z [info]: Server is running on port 3000
2024-12-18T04:15:47.011Z [info]: POST /notes
2024-12-18T04:19:52.355Z [info]: Server is running on port 3000
2024-12-18T04:20:49.208Z [info]: Server is running on port 3000
2024-12-18T04:21:10.357Z [info]: PUT /notes/4
2024-12-18T04:21:25.559Z [info]: POST /notes
2024-12-18T09:07:10.086Z [info]: Server is running on port 3000
2024-12-18T09:10:39.543Z [info]: Server is running on port 3000
2024-12-18T09:10:49.322Z [info]: POST /notes
2024-12-18T09:11:41.547Z [info]: Server is running on port 3000
2024-12-19T18:12:54.823Z [info]: Server is running on port 3000
2024-12-19T18:12:58.575Z [info]: POST /notes
2024-12-19T18:17:12.894Z [info]: DELETE /notes/%3Cinteger%3E
2024-12-19T18:17:29.987Z [info]: POST /notes
2024-12-19T18:37:43.073Z [info]: POST /notes
2024-12-19T18:37:47.206Z [info]: POST /notes
2024-12-19T18:37:50.857Z [info]: POST /notes
2024-12-19T18:39:12.017Z [info]: POST /notes
2024-12-19T18:41:59.443Z [info]: PUT /notes/%3Cinteger%3E
2024-12-19T18:41:59.454Z [info]: DELETE /notes/%3Cinteger%3E
2024-12-19T18:41:59.465Z [info]: POST /notes
2024-12-19T18:41:59.477Z [info]: GET /notes
2024-12-19T18:41:59.498Z [info]: GET /admin
2024-12-19T19:08:27.522Z [info]: Server is running on port 3000
2024-12-19T19:42:35.729Z [info]: Server is running on port 3000
2024-12-19T19:43:37.560Z [info]: PUT /notes/4
2024-12-19T19:43:44.724Z [info]: POST /notes
2024-12-19T19:43:53.402Z [info]: POST /notes
2024-12-19T19:43:53.943Z [info]: POST /notes
2024-12-19T19:43:54.339Z [info]: POST /notes
2024-12-19T19:44:01.196Z [info]: POST /notes/:id
2024-12-19T19:50:29.553Z [info]: PUT /notes/4
2024-12-19T19:50:31.864Z [info]: PUT /notes/4
2024-12-19T19:55:23.908Z [info]: PUT /notes/4
2024-12-19T19:55:38.562Z [info]: PUT /notes/4
2024-12-19T19:55:51.503Z [info]: POST /notes
2024-12-19T19:57:56.501Z [info]: POST /notes
2024-12-19T20:05:18.704Z [info]: Server is running on port 3000
2024-12-19T20:06:15.273Z [info]: Server is running on port 3000
2024-12-19T20:06:18.531Z [info]: POST /notes
2024-12-19T20:06:40.179Z [info]: POST /notes
2024-12-19T20:09:27.048Z [info]: Server is running on port 3000
2024-12-19T20:09:33.270Z [info]: POST /notes
2024-12-19T20:11:20.540Z [info]: POST /notes
2024-12-19T20:11:23.789Z [info]: POST /notes
2024-12-19T20:11:29.097Z [info]: GET /notes
2024-12-19T20:11:35.348Z [info]: GET /notes?=4
2024-12-19T20:11:46.642Z [info]: DELETE /notes/4
2024-12-20T18:42:10.176Z [info]: Server is running on port 3000
2024-12-20T18:42:24.163Z [info]: POST /notes
2024-12-20T18:44:31.403Z [info]: GET /notes?=4
